app/build/intermediates/manifest_merge_blame_file/debug/manifest-merger-blame-debug-report.txt
1<?xml version="1.0" encoding="utf-8"?>
2<manifest xmlns:android="http://schemas.android.com/apk/res/android"
3    package="com.lostoy.android.architecture"
4    android:versionCode="1"
5    android:versionName="1.0" >
6
7    <uses-sdk
8        android:minSdkVersion="16"
8-->src/main/AndroidManifest.xml
9        android:targetSdkVersion="29" />
9-->src/main/AndroidManifest.xml
10
11    <!-- Window -->
12    <uses-permission android:name="android.permission.SYSTEM_ALERT_WINDOW" /> <!-- Network -->
12-->[com.didichuxing.doraemonkit:doraemonkit:3.1.5] AndroidManifest.xml:13:5-78
12-->[com.didichuxing.doraemonkit:doraemonkit:3.1.5] AndroidManifest.xml:13:22-75
13    <uses-permission android:name="android.permission.INTERNET" /> <!-- IO -->
13-->[com.didichuxing.doraemonkit:doraemonkit:3.1.5] AndroidManifest.xml:16:5-67
13-->[com.didichuxing.doraemonkit:doraemonkit:3.1.5] AndroidManifest.xml:16:22-64
14    <uses-permission android:name="android.permission.WRITE_EXTERNAL_STORAGE" />
14-->[com.didichuxing.doraemonkit:doraemonkit:3.1.5] AndroidManifest.xml:19:5-81
14-->[com.didichuxing.doraemonkit:doraemonkit:3.1.5] AndroidManifest.xml:19:22-78
15    <uses-permission android:name="android.permission.READ_EXTERNAL_STORAGE" /> <!-- Setting -->
15-->[com.didichuxing.doraemonkit:doraemonkit:3.1.5] AndroidManifest.xml:20:5-80
15-->[com.didichuxing.doraemonkit:doraemonkit:3.1.5] AndroidManifest.xml:20:22-77
16    <uses-permission android:name="android.permission.ACCESS_WIFI_STATE" />
16-->[com.didichuxing.doraemonkit:doraemonkit:3.1.5] AndroidManifest.xml:23:5-76
16-->[com.didichuxing.doraemonkit:doraemonkit:3.1.5] AndroidManifest.xml:23:22-73
17    <uses-permission android:name="android.permission.ACCESS_NETWORK_STATE" />
17-->[com.didichuxing.doraemonkit:doraemonkit:3.1.5] AndroidManifest.xml:24:5-79
17-->[com.didichuxing.doraemonkit:doraemonkit:3.1.5] AndroidManifest.xml:24:22-76
18    <uses-permission android:name="android.permission.READ_PHONE_STATE" /> <!-- Zxing -->
18-->[com.didichuxing.doraemonkit:doraemonkit:3.1.5] AndroidManifest.xml:25:5-75
18-->[com.didichuxing.doraemonkit:doraemonkit:3.1.5] AndroidManifest.xml:25:22-72
19    <uses-permission android:name="android.permission.VIBRATE" />
19-->[com.didichuxing.doraemonkit:doraemonkit:3.1.5] AndroidManifest.xml:28:5-66
19-->[com.didichuxing.doraemonkit:doraemonkit:3.1.5] AndroidManifest.xml:28:22-63
20    <uses-permission android:name="android.permission.CAMERA" />
20-->[com.didichuxing.doraemonkit:doraemonkit:3.1.5] AndroidManifest.xml:29:5-65
20-->[com.didichuxing.doraemonkit:doraemonkit:3.1.5] AndroidManifest.xml:29:22-62
21
22    <uses-feature android:name="android.hardware.camera.autofocus" /> <!-- leakCanary -->
22-->[com.didichuxing.doraemonkit:doraemonkit:3.1.5] AndroidManifest.xml:31:5-70
22-->[com.didichuxing.doraemonkit:doraemonkit:3.1.5] AndroidManifest.xml:31:19-67
23    <!-- To allow starting foreground services on Android P+ - https://developer.android.com/preview/behavior-changes#fg-svc -->
24    <uses-permission android:name="android.permission.FOREGROUND_SERVICE" />
24-->[com.didichuxing.doraemonkit:doraemonkit:3.1.5] AndroidManifest.xml:34:5-77
24-->[com.didichuxing.doraemonkit:doraemonkit:3.1.5] AndroidManifest.xml:34:22-74
25
26    <application
26-->src/main/AndroidManifest.xml:5:5-20:19
27        android:name="com.lostoy.android.architecture.MainApplication"
27-->src/main/AndroidManifest.xml:6:9-40
28        android:allowBackup="true"
28-->src/main/AndroidManifest.xml:7:9-35
29        android:appComponentFactory="androidx.core.app.CoreComponentFactory"
29-->[androidx.core:core:1.0.1] AndroidManifest.xml:22:18-86
30        android:debuggable="true"
31        android:icon="@mipmap/ic_launcher"
31-->src/main/AndroidManifest.xml:8:9-43
32        android:label="@string/app_name"
32-->src/main/AndroidManifest.xml:9:9-41
33        android:roundIcon="@mipmap/ic_launcher_round"
33-->src/main/AndroidManifest.xml:10:9-54
34        android:supportsRtl="true"
34-->src/main/AndroidManifest.xml:11:9-35
35        android:testOnly="true"
36        android:theme="@style/AppTheme" >
36-->src/main/AndroidManifest.xml:12:9-40
37        <activity android:name="com.lostoy.android.architecture.MainActivity" >
37-->src/main/AndroidManifest.xml:13:9-19:20
37-->src/main/AndroidManifest.xml:13:19-47
38            <intent-filter>
38-->src/main/AndroidManifest.xml:14:13-18:29
39                <action android:name="android.intent.action.MAIN" />
39-->src/main/AndroidManifest.xml:15:17-69
39-->src/main/AndroidManifest.xml:15:25-66
40
41                <category android:name="android.intent.category.LAUNCHER" />
41-->src/main/AndroidManifest.xml:17:17-77
41-->src/main/AndroidManifest.xml:17:27-74
42            </intent-filter>
43        </activity>
44        <activity
44-->[com.didichuxing.doraemonkit:doraemonkit:3.1.5] AndroidManifest.xml:41:9-45:82
45            android:name="com.didichuxing.doraemonkit.kit.core.UniversalActivity"
45-->[com.didichuxing.doraemonkit:doraemonkit:3.1.5] AndroidManifest.xml:42:13-82
46            android:screenOrientation="portrait"
46-->[com.didichuxing.doraemonkit:doraemonkit:3.1.5] AndroidManifest.xml:43:13-49
47            android:theme="@style/Theme.AppCompat.Light.NoActionBar"
47-->[com.didichuxing.doraemonkit:doraemonkit:3.1.5] AndroidManifest.xml:44:13-69
48            android:windowSoftInputMode="adjustPan|stateHidden|stateUnchanged" />
48-->[com.didichuxing.doraemonkit:doraemonkit:3.1.5] AndroidManifest.xml:45:13-79
49        <activity
49-->[com.didichuxing.doraemonkit:doraemonkit:3.1.5] AndroidManifest.xml:46:9-49:72
50            android:name="com.didichuxing.doraemonkit.kit.core.TranslucentActivity"
50-->[com.didichuxing.doraemonkit:doraemonkit:3.1.5] AndroidManifest.xml:47:13-84
51            android:theme="@style/DK.Theme.Translucent"
51-->[com.didichuxing.doraemonkit:doraemonkit:3.1.5] AndroidManifest.xml:48:13-56
52            android:windowSoftInputMode="stateHidden|stateUnchanged" />
52-->[com.didichuxing.doraemonkit:doraemonkit:3.1.5] AndroidManifest.xml:49:13-69
53        <activity
53-->[com.didichuxing.doraemonkit:doraemonkit:3.1.5] AndroidManifest.xml:50:9-53:72
54            android:name="com.didichuxing.doraemonkit.zxing.activity.CaptureActivity"
54-->[com.didichuxing.doraemonkit:doraemonkit:3.1.5] AndroidManifest.xml:51:13-86
55            android:screenOrientation="portrait"
55-->[com.didichuxing.doraemonkit:doraemonkit:3.1.5] AndroidManifest.xml:52:13-49
56            android:windowSoftInputMode="stateHidden|stateUnchanged" />
56-->[com.didichuxing.doraemonkit:doraemonkit:3.1.5] AndroidManifest.xml:53:13-69
57
58        <provider
58-->[com.didichuxing.doraemonkit:doraemonkit:3.1.5] AndroidManifest.xml:55:9-63:20
59            android:name="com.didichuxing.doraemonkit.DebugFileProvider"
59-->[com.didichuxing.doraemonkit:doraemonkit:3.1.5] AndroidManifest.xml:56:13-73
60            android:authorities="com.lostoy.android.architecture.debugfileprovider"
60-->[com.didichuxing.doraemonkit:doraemonkit:3.1.5] AndroidManifest.xml:57:13-69
61            android:exported="false"
61-->[com.didichuxing.doraemonkit:doraemonkit:3.1.5] AndroidManifest.xml:58:13-37
62            android:grantUriPermissions="true" >
62-->[com.didichuxing.doraemonkit:doraemonkit:3.1.5] AndroidManifest.xml:59:13-47
63            <meta-data
63-->[com.didichuxing.doraemonkit:doraemonkit:3.1.5] AndroidManifest.xml:60:13-62:70
64                android:name="android.support.FILE_PROVIDER_PATHS"
64-->[com.didichuxing.doraemonkit:doraemonkit:3.1.5] AndroidManifest.xml:61:17-67
65                android:resource="@xml/dokit_debug_provider_paths" />
65-->[com.didichuxing.doraemonkit:doraemonkit:3.1.5] AndroidManifest.xml:62:17-67
66        </provider>
67
68        <activity
68-->[com.blankj:utilcodex:1.28.4] AndroidManifest.xml:10:9-15:75
69            android:name="com.blankj.utilcode.util.UtilsTransActivity"
69-->[com.blankj:utilcodex:1.28.4] AndroidManifest.xml:11:13-71
70            android:configChanges="orientation|keyboardHidden|screenSize"
70-->[com.blankj:utilcodex:1.28.4] AndroidManifest.xml:12:13-74
71            android:multiprocess="true"
71-->[com.blankj:utilcodex:1.28.4] AndroidManifest.xml:13:13-40
72            android:theme="@style/ActivityTranslucent"
72-->[com.blankj:utilcodex:1.28.4] AndroidManifest.xml:14:13-55
73            android:windowSoftInputMode="stateHidden|stateAlwaysHidden" />
73-->[com.blankj:utilcodex:1.28.4] AndroidManifest.xml:15:13-72
74
75        <provider
75-->[com.blankj:utilcodex:1.28.4] AndroidManifest.xml:17:9-25:20
76            android:name="com.blankj.utilcode.util.UtilsFileProvider"
76-->[com.blankj:utilcodex:1.28.4] AndroidManifest.xml:18:13-70
77            android:authorities="com.lostoy.android.architecture.utilcode.provider"
77-->[com.blankj:utilcodex:1.28.4] AndroidManifest.xml:19:13-69
78            android:exported="false"
78-->[com.blankj:utilcodex:1.28.4] AndroidManifest.xml:20:13-37
79            android:grantUriPermissions="true" >
79-->[com.blankj:utilcodex:1.28.4] AndroidManifest.xml:21:13-47
80            <meta-data
80-->[com.didichuxing.doraemonkit:doraemonkit:3.1.5] AndroidManifest.xml:60:13-62:70
81                android:name="android.support.FILE_PROVIDER_PATHS"
81-->[com.didichuxing.doraemonkit:doraemonkit:3.1.5] AndroidManifest.xml:61:17-67
82                android:resource="@xml/util_code_provider_paths" />
82-->[com.didichuxing.doraemonkit:doraemonkit:3.1.5] AndroidManifest.xml:62:17-67
83        </provider>
84
85        <service
85-->[com.blankj:utilcodex:1.28.4] AndroidManifest.xml:27:9-33:19
86            android:name="com.blankj.utilcode.util.MessengerUtils$ServerService"
86-->[com.blankj:utilcodex:1.28.4] AndroidManifest.xml:28:13-81
87            android:exported="false" >
87-->[com.blankj:utilcodex:1.28.4] AndroidManifest.xml:29:13-37
88            <intent-filter>
88-->[com.blankj:utilcodex:1.28.4] AndroidManifest.xml:30:13-32:29
89                <action android:name="com.lostoy.android.architecture.messenger" />
89-->[com.blankj:utilcodex:1.28.4] AndroidManifest.xml:31:17-69
89-->[com.blankj:utilcodex:1.28.4] AndroidManifest.xml:31:25-66
90            </intent-filter>
91        </service>
92
93        <provider
93-->[com.amitshekhar.android:debug-db:1.0.6] AndroidManifest.xml:12:9-16:40
94            android:name="com.amitshekhar.debug.DebugDBInitProvider"
94-->[com.amitshekhar.android:debug-db:1.0.6] AndroidManifest.xml:13:13-69
95            android:authorities="com.lostoy.android.architecture.DebugDBInitProvider"
95-->[com.amitshekhar.android:debug-db:1.0.6] AndroidManifest.xml:14:13-71
96            android:enabled="true"
96-->[com.amitshekhar.android:debug-db:1.0.6] AndroidManifest.xml:15:13-35
97            android:exported="false" />
97-->[com.amitshekhar.android:debug-db:1.0.6] AndroidManifest.xml:16:13-37
98        <provider
98-->[com.amitshekhar.android:debug-db-encrypt:1.0.6] AndroidManifest.xml:12:9-16:40
99            android:name="com.amitshekhar.debug.encrypt.DebugDBEncryptInitProvider"
99-->[com.amitshekhar.android:debug-db-encrypt:1.0.6] AndroidManifest.xml:13:13-84
100            android:authorities="com.lostoy.android.architecture.DebugDBEncryptInitProvider"
100-->[com.amitshekhar.android:debug-db-encrypt:1.0.6] AndroidManifest.xml:14:13-78
101            android:enabled="true"
101-->[com.amitshekhar.android:debug-db-encrypt:1.0.6] AndroidManifest.xml:15:13-35
102            android:exported="false" />
102-->[com.amitshekhar.android:debug-db-encrypt:1.0.6] AndroidManifest.xml:16:13-37
103    </application>
104
105</manifest>